

Started GET "/" for 127.0.0.1 at 2014-04-15 09:57:44 +0100
Connecting to database specified by database.yml
Processing by StaticPagesController#home as HTML
  Rendered static_pages/home.html.erb within layouts/application (33.4ms)
Compiled custom.css  (2643ms)  (pid 2836)
Compiled sessions.css  (4ms)  (pid 2836)
Compiled static_pages.css  (2ms)  (pid 2836)
Compiled users.css  (2ms)  (pid 2836)
Compiled application.css  (3385ms)  (pid 2836)
Compiled jquery.js  (16ms)  (pid 2836)
Compiled jquery_ujs.js  (0ms)  (pid 2836)
Compiled bootstrap-transition.js  (0ms)  (pid 2836)
Compiled bootstrap-alert.js  (1ms)  (pid 2836)
Compiled bootstrap-button.js  (0ms)  (pid 2836)
Compiled bootstrap-carousel.js  (1ms)  (pid 2836)
Compiled bootstrap-collapse.js  (0ms)  (pid 2836)
Compiled bootstrap-dropdown.js  (34ms)  (pid 2836)
Compiled bootstrap-modal.js  (0ms)  (pid 2836)
Compiled bootstrap-scrollspy.js  (0ms)  (pid 2836)
Compiled bootstrap-tab.js  (0ms)  (pid 2836)
Compiled bootstrap-tooltip.js  (0ms)  (pid 2836)
Compiled bootstrap-popover.js  (0ms)  (pid 2836)
Compiled bootstrap-typeahead.js  (0ms)  (pid 2836)
Compiled bootstrap.js  (346ms)  (pid 2836)
Compiled sessions.js  (527ms)  (pid 2836)
Compiled static_pages.js  (223ms)  (pid 2836)
Compiled users.js  (202ms)  (pid 2836)
Compiled application.js  (1701ms)  (pid 2836)
  Rendered layouts/_shim.html.erb (0.6ms)
  Rendered layouts/_header.html.erb (169.9ms)
Completed 500 Internal Server Error in 5880ms

ActionView::Template::Error (Could not find table 'users'):
    6: 			  <ul class = "nav pull-right">
    7: 					<li><%= link_to "Home", root_path %></li>
    8: 				    <li><%= link_to "Help", help_path %></li>
    9: 				  <% if signed_in? %>				      
    10:    					  <li><%= link_to "Users", users_path %></li>
    11:    					<li id="fat-menu" class = "dropdown">
    12:    					  	<a href="#" class="dropdown-toggle" data-toggle="dropdown">
  app/helpers/sessions_helper.rb:18:in `current_user'
  app/helpers/sessions_helper.rb:9:in `signed_in?'
  app/views/layouts/_header.html.erb:9:in `_app_views_layouts__header_html_erb__190513336_81053100'
  app/views/layouts/application.html.erb:11:in `_app_views_layouts_application_html_erb___115550406_84471230'


  Rendered /home/wafuser/.rvm/gems/ruby-1.9.3-p194/gems/actionpack-3.2.12/lib/action_dispatch/middleware/templates/rescues/_trace.erb (4.3ms)
  Rendered /home/wafuser/.rvm/gems/ruby-1.9.3-p194/gems/actionpack-3.2.12/lib/action_dispatch/middleware/templates/rescues/_request_and_response.erb (6.8ms)
  Rendered /home/wafuser/.rvm/gems/ruby-1.9.3-p194/gems/actionpack-3.2.12/lib/action_dispatch/middleware/templates/rescues/template_error.erb within rescues/layout (41.9ms)


Started GET "/" for 127.0.0.1 at 2014-04-15 09:58:40 +0100
Connecting to database specified by database.yml
Processing by StaticPagesController#home as HTML
  Rendered static_pages/home.html.erb within layouts/application (5.1ms)
  Rendered layouts/_shim.html.erb (0.4ms)
  Rendered layouts/_header.html.erb (89.6ms)
Completed 500 Internal Server Error in 364ms

ActionView::Template::Error (Could not find table 'users'):
    6: 			  <ul class = "nav pull-right">
    7: 					<li><%= link_to "Home", root_path %></li>
    8: 				    <li><%= link_to "Help", help_path %></li>
    9: 				  <% if signed_in? %>				      
    10:    					  <li><%= link_to "Users", users_path %></li>
    11:    					<li id="fat-menu" class = "dropdown">
    12:    					  	<a href="#" class="dropdown-toggle" data-toggle="dropdown">
  app/helpers/sessions_helper.rb:18:in `current_user'
  app/helpers/sessions_helper.rb:9:in `signed_in?'
  app/views/layouts/_header.html.erb:9:in `_app_views_layouts__header_html_erb__712761573__621122828'
  app/views/layouts/application.html.erb:11:in `_app_views_layouts_application_html_erb___1004588470_93543000'


  Rendered /home/wafuser/.rvm/gems/ruby-1.9.3-p194/gems/actionpack-3.2.12/lib/action_dispatch/middleware/templates/rescues/_trace.erb (45.5ms)
  Rendered /home/wafuser/.rvm/gems/ruby-1.9.3-p194/gems/actionpack-3.2.12/lib/action_dispatch/middleware/templates/rescues/_request_and_response.erb (1.4ms)
  Rendered /home/wafuser/.rvm/gems/ruby-1.9.3-p194/gems/actionpack-3.2.12/lib/action_dispatch/middleware/templates/rescues/template_error.erb within rescues/layout (61.3ms)


Started GET "/index.html" for 127.0.0.1 at 2014-04-15 09:58:48 +0100

ActionController::RoutingError (No route matches [GET] "/index.html"):
  actionpack (3.2.12) lib/action_dispatch/middleware/debug_exceptions.rb:21:in `call'
  actionpack (3.2.12) lib/action_dispatch/middleware/show_exceptions.rb:56:in `call'
  railties (3.2.12) lib/rails/rack/logger.rb:32:in `call_app'
  railties (3.2.12) lib/rails/rack/logger.rb:16:in `block in call'
  activesupport (3.2.12) lib/active_support/tagged_logging.rb:22:in `tagged'
  railties (3.2.12) lib/rails/rack/logger.rb:16:in `call'
  actionpack (3.2.12) lib/action_dispatch/middleware/request_id.rb:22:in `call'
  rack (1.4.5) lib/rack/methodoverride.rb:21:in `call'
  rack (1.4.5) lib/rack/runtime.rb:17:in `call'
  activesupport (3.2.12) lib/active_support/cache/strategy/local_cache.rb:72:in `call'
  rack (1.4.5) lib/rack/lock.rb:15:in `call'
  actionpack (3.2.12) lib/action_dispatch/middleware/static.rb:62:in `call'
  railties (3.2.12) lib/rails/engine.rb:479:in `call'
  railties (3.2.12) lib/rails/application.rb:223:in `call'
  rack (1.4.5) lib/rack/content_length.rb:14:in `call'
  railties (3.2.12) lib/rails/rack/log_tailer.rb:17:in `call'
  rack (1.4.5) lib/rack/handler/webrick.rb:59:in `service'
  /home/wafuser/.rvm/rubies/ruby-1.9.3-p194/lib/ruby/1.9.1/webrick/httpserver.rb:138:in `service'
  /home/wafuser/.rvm/rubies/ruby-1.9.3-p194/lib/ruby/1.9.1/webrick/httpserver.rb:94:in `run'
  /home/wafuser/.rvm/rubies/ruby-1.9.3-p194/lib/ruby/1.9.1/webrick/server.rb:191:in `block in start_thread'


  Rendered /home/wafuser/.rvm/gems/ruby-1.9.3-p194/gems/actionpack-3.2.12/lib/action_dispatch/middleware/templates/rescues/routing_error.erb within rescues/layout (0.9ms)


Started GET "/home.html" for 127.0.0.1 at 2014-04-15 09:58:53 +0100

ActionController::RoutingError (No route matches [GET] "/home.html"):
  actionpack (3.2.12) lib/action_dispatch/middleware/debug_exceptions.rb:21:in `call'
  actionpack (3.2.12) lib/action_dispatch/middleware/show_exceptions.rb:56:in `call'
  railties (3.2.12) lib/rails/rack/logger.rb:32:in `call_app'
  railties (3.2.12) lib/rails/rack/logger.rb:16:in `block in call'
  activesupport (3.2.12) lib/active_support/tagged_logging.rb:22:in `tagged'
  railties (3.2.12) lib/rails/rack/logger.rb:16:in `call'
  actionpack (3.2.12) lib/action_dispatch/middleware/request_id.rb:22:in `call'
  rack (1.4.5) lib/rack/methodoverride.rb:21:in `call'
  rack (1.4.5) lib/rack/runtime.rb:17:in `call'
  activesupport (3.2.12) lib/active_support/cache/strategy/local_cache.rb:72:in `call'
  rack (1.4.5) lib/rack/lock.rb:15:in `call'
  actionpack (3.2.12) lib/action_dispatch/middleware/static.rb:62:in `call'
  railties (3.2.12) lib/rails/engine.rb:479:in `call'
  railties (3.2.12) lib/rails/application.rb:223:in `call'
  rack (1.4.5) lib/rack/content_length.rb:14:in `call'
  railties (3.2.12) lib/rails/rack/log_tailer.rb:17:in `call'
  rack (1.4.5) lib/rack/handler/webrick.rb:59:in `service'
  /home/wafuser/.rvm/rubies/ruby-1.9.3-p194/lib/ruby/1.9.1/webrick/httpserver.rb:138:in `service'
  /home/wafuser/.rvm/rubies/ruby-1.9.3-p194/lib/ruby/1.9.1/webrick/httpserver.rb:94:in `run'
  /home/wafuser/.rvm/rubies/ruby-1.9.3-p194/lib/ruby/1.9.1/webrick/server.rb:191:in `block in start_thread'


  Rendered /home/wafuser/.rvm/gems/ruby-1.9.3-p194/gems/actionpack-3.2.12/lib/action_dispatch/middleware/templates/rescues/routing_error.erb within rescues/layout (0.9ms)
Connecting to database specified by database.yml
  [1m[36m (1.0ms)[0m  [1mselect sqlite_version(*)[0m
  [1m[35m (58.3ms)[0m  CREATE TABLE "schema_migrations" ("version" varchar(255) NOT NULL) 
  [1m[36m (24.4ms)[0m  [1mCREATE UNIQUE INDEX "unique_schema_migrations" ON "schema_migrations" ("version")[0m
  [1m[35m (0.1ms)[0m  SELECT "schema_migrations"."version" FROM "schema_migrations" 
Migrating to CreateUsers (20140224141815)
  [1m[36m (0.0ms)[0m  [1mbegin transaction[0m
  [1m[35m (0.7ms)[0m  CREATE TABLE "users" ("id" INTEGER PRIMARY KEY AUTOINCREMENT NOT NULL, "name" varchar(255), "email" varchar(255), "created_at" datetime NOT NULL, "updated_at" datetime NOT NULL) 
  [1m[36m (0.4ms)[0m  [1mINSERT INTO "schema_migrations" ("version") VALUES ('20140224141815')[0m
  [1m[35m (61.0ms)[0m  commit transaction
Migrating to AddIndexToUsersEmail (20140225114713)
  [1m[36m (0.1ms)[0m  [1mbegin transaction[0m
  [1m[35m (0.6ms)[0m  CREATE UNIQUE INDEX "index_users_on_email" ON "users" ("email")
  [1m[36m (0.4ms)[0m  [1mINSERT INTO "schema_migrations" ("version") VALUES ('20140225114713')[0m
  [1m[35m (38.1ms)[0m  commit transaction
Migrating to AddPasswordDigestToUsers (20140225121418)
  [1m[36m (0.1ms)[0m  [1mbegin transaction[0m
  [1m[35m (15.5ms)[0m  ALTER TABLE "users" ADD "password_digest" varchar(255)
  [1m[36m (0.4ms)[0m  [1mINSERT INTO "schema_migrations" ("version") VALUES ('20140225121418')[0m
  [1m[35m (15.5ms)[0m  commit transaction
Migrating to AddRememberTokenToUsers (20140227162506)
  [1m[36m (0.1ms)[0m  [1mbegin transaction[0m
  [1m[35m (0.8ms)[0m  ALTER TABLE "users" ADD "remember_token" varchar(255)
  [1m[36m (0.2ms)[0m  [1mCREATE INDEX "index_users_on_remember_token" ON "users" ("remember_token")[0m
  [1m[35m (0.4ms)[0m  INSERT INTO "schema_migrations" ("version") VALUES ('20140227162506')
  [1m[36m (20.6ms)[0m  [1mcommit transaction[0m
Migrating to AddAdminToUsers (20140304201748)
  [1m[35m (0.1ms)[0m  begin transaction
  [1m[36m (0.9ms)[0m  [1mALTER TABLE "users" ADD "admin" boolean DEFAULT 'f'[0m
  [1m[35m (0.4ms)[0m  INSERT INTO "schema_migrations" ("version") VALUES ('20140304201748')
  [1m[36m (11.2ms)[0m  [1mcommit transaction[0m
  [1m[35m (0.2ms)[0m  SELECT "schema_migrations"."version" FROM "schema_migrations" 


Started GET "/home.html" for 127.0.0.1 at 2014-04-15 10:01:07 +0100
Connecting to database specified by database.yml

ActionController::RoutingError (No route matches [GET] "/home.html"):
  actionpack (3.2.12) lib/action_dispatch/middleware/debug_exceptions.rb:21:in `call'
  actionpack (3.2.12) lib/action_dispatch/middleware/show_exceptions.rb:56:in `call'
  railties (3.2.12) lib/rails/rack/logger.rb:32:in `call_app'
  railties (3.2.12) lib/rails/rack/logger.rb:16:in `block in call'
  activesupport (3.2.12) lib/active_support/tagged_logging.rb:22:in `tagged'
  railties (3.2.12) lib/rails/rack/logger.rb:16:in `call'
  actionpack (3.2.12) lib/action_dispatch/middleware/request_id.rb:22:in `call'
  rack (1.4.5) lib/rack/methodoverride.rb:21:in `call'
  rack (1.4.5) lib/rack/runtime.rb:17:in `call'
  activesupport (3.2.12) lib/active_support/cache/strategy/local_cache.rb:72:in `call'
  rack (1.4.5) lib/rack/lock.rb:15:in `call'
  actionpack (3.2.12) lib/action_dispatch/middleware/static.rb:62:in `call'
  railties (3.2.12) lib/rails/engine.rb:479:in `call'
  railties (3.2.12) lib/rails/application.rb:223:in `call'
  rack (1.4.5) lib/rack/content_length.rb:14:in `call'
  railties (3.2.12) lib/rails/rack/log_tailer.rb:17:in `call'
  rack (1.4.5) lib/rack/handler/webrick.rb:59:in `service'
  /home/wafuser/.rvm/rubies/ruby-1.9.3-p194/lib/ruby/1.9.1/webrick/httpserver.rb:138:in `service'
  /home/wafuser/.rvm/rubies/ruby-1.9.3-p194/lib/ruby/1.9.1/webrick/httpserver.rb:94:in `run'
  /home/wafuser/.rvm/rubies/ruby-1.9.3-p194/lib/ruby/1.9.1/webrick/server.rb:191:in `block in start_thread'


  Rendered /home/wafuser/.rvm/gems/ruby-1.9.3-p194/gems/actionpack-3.2.12/lib/action_dispatch/middleware/templates/rescues/routing_error.erb within rescues/layout (9.3ms)


Started GET "/" for 127.0.0.1 at 2014-04-15 10:01:12 +0100
Processing by StaticPagesController#home as HTML
  Rendered static_pages/home.html.erb within layouts/application (1.4ms)
  Rendered layouts/_shim.html.erb (0.4ms)
  [1m[36mUser Load (0.3ms)[0m  [1mSELECT "users".* FROM "users" WHERE "users"."remember_token" IS NULL LIMIT 1[0m
  Rendered layouts/_header.html.erb (109.6ms)
  Rendered layouts/_footer.html.erb (1.9ms)
Completed 200 OK in 275ms (Views: 234.1ms | ActiveRecord: 39.4ms)


Started GET "/assets/application.css?body=1" for 127.0.0.1 at 2014-04-15 10:01:13 +0100
Served asset /application.css - 200 OK (81ms)


Started GET "/assets/custom.css?body=1" for 127.0.0.1 at 2014-04-15 10:01:13 +0100
Served asset /custom.css - 200 OK (19ms)


Started GET "/assets/sessions.css?body=1" for 127.0.0.1 at 2014-04-15 10:01:13 +0100
Served asset /sessions.css - 200 OK (2ms)


Started GET "/assets/static_pages.css?body=1" for 127.0.0.1 at 2014-04-15 10:01:13 +0100
Served asset /static_pages.css - 200 OK (10ms)


Started GET "/assets/users.css?body=1" for 127.0.0.1 at 2014-04-15 10:01:13 +0100
Served asset /users.css - 200 OK (11ms)


Started GET "/assets/jquery.js?body=1" for 127.0.0.1 at 2014-04-15 10:01:13 +0100
Served asset /jquery.js - 200 OK (9ms)


Started GET "/assets/jquery_ujs.js?body=1" for 127.0.0.1 at 2014-04-15 10:01:13 +0100
Served asset /jquery_ujs.js - 200 OK (12ms)


Started GET "/assets/bootstrap-transition.js?body=1" for 127.0.0.1 at 2014-04-15 10:01:13 +0100
Served asset /bootstrap-transition.js - 200 OK (17ms)


Started GET "/assets/bootstrap-alert.js?body=1" for 127.0.0.1 at 2014-04-15 10:01:13 +0100
Served asset /bootstrap-alert.js - 200 OK (19ms)


Started GET "/assets/bootstrap-button.js?body=1" for 127.0.0.1 at 2014-04-15 10:01:13 +0100
Served asset /bootstrap-button.js - 200 OK (2ms)


Started GET "/assets/bootstrap-carousel.js?body=1" for 127.0.0.1 at 2014-04-15 10:01:13 +0100
Served asset /bootstrap-carousel.js - 200 OK (12ms)


Started GET "/assets/bootstrap-collapse.js?body=1" for 127.0.0.1 at 2014-04-15 10:01:13 +0100
Served asset /bootstrap-collapse.js - 200 OK (20ms)


Started GET "/assets/bootstrap-dropdown.js?body=1" for 127.0.0.1 at 2014-04-15 10:01:13 +0100
Served asset /bootstrap-dropdown.js - 200 OK (7ms)


Started GET "/assets/bootstrap-modal.js?body=1" for 127.0.0.1 at 2014-04-15 10:01:13 +0100
Served asset /bootstrap-modal.js - 200 OK (38ms)


Started GET "/assets/bootstrap-scrollspy.js?body=1" for 127.0.0.1 at 2014-04-15 10:01:13 +0100
Served asset /bootstrap-scrollspy.js - 200 OK (2ms)


Started GET "/assets/bootstrap-tab.js?body=1" for 127.0.0.1 at 2014-04-15 10:01:13 +0100
Served asset /bootstrap-tab.js - 200 OK (12ms)


Started GET "/assets/bootstrap-tooltip.js?body=1" for 127.0.0.1 at 2014-04-15 10:01:13 +0100
Served asset /bootstrap-tooltip.js - 200 OK (21ms)


Started GET "/assets/bootstrap-popover.js?body=1" for 127.0.0.1 at 2014-04-15 10:01:13 +0100
Served asset /bootstrap-popover.js - 200 OK (3ms)


Started GET "/assets/bootstrap-typeahead.js?body=1" for 127.0.0.1 at 2014-04-15 10:01:13 +0100
Served asset /bootstrap-typeahead.js - 200 OK (3ms)


Started GET "/assets/bootstrap.js?body=1" for 127.0.0.1 at 2014-04-15 10:01:13 +0100
Served asset /bootstrap.js - 200 OK (59ms)


Started GET "/assets/sessions.js?body=1" for 127.0.0.1 at 2014-04-15 10:01:13 +0100
Served asset /sessions.js - 200 OK (2ms)


Started GET "/assets/static_pages.js?body=1" for 127.0.0.1 at 2014-04-15 10:01:13 +0100
Served asset /static_pages.js - 200 OK (9ms)


Started GET "/assets/users.js?body=1" for 127.0.0.1 at 2014-04-15 10:01:13 +0100
Served asset /users.js - 200 OK (2ms)


Started GET "/assets/application.js?body=1" for 127.0.0.1 at 2014-04-15 10:01:13 +0100
Served asset /application.js - 200 OK (75ms)


Started GET "/assets/rails.png" for 127.0.0.1 at 2014-04-15 10:01:13 +0100
Served asset /rails.png - 200 OK (14ms)


Started GET "/" for 127.0.0.1 at 2014-04-15 10:04:00 +0100
Processing by StaticPagesController#home as HTML
  Rendered static_pages/home.html.erb within layouts/application (2.5ms)
  Rendered layouts/_shim.html.erb (0.1ms)
  [1m[35mUser Load (0.2ms)[0m  SELECT "users".* FROM "users" WHERE "users"."remember_token" IS NULL LIMIT 1
  Rendered layouts/_header.html.erb (2.6ms)
  Rendered layouts/_footer.html.erb (0.4ms)
Completed 200 OK in 85ms (Views: 84.2ms | ActiveRecord: 0.2ms)


Started GET "/assets/application.css?body=1" for 127.0.0.1 at 2014-04-15 10:04:00 +0100
Served asset /application.css - 304 Not Modified (8ms)


Started GET "/assets/custom.css?body=1" for 127.0.0.1 at 2014-04-15 10:04:01 +0100
Served asset /custom.css - 304 Not Modified (9ms)


Started GET "/assets/sessions.css?body=1" for 127.0.0.1 at 2014-04-15 10:04:01 +0100
Served asset /sessions.css - 304 Not Modified (0ms)


Started GET "/assets/static_pages.css?body=1" for 127.0.0.1 at 2014-04-15 10:04:01 +0100
Served asset /static_pages.css - 304 Not Modified (0ms)


Started GET "/assets/users.css?body=1" for 127.0.0.1 at 2014-04-15 10:04:01 +0100
Served asset /users.css - 304 Not Modified (0ms)


Started GET "/assets/jquery.js?body=1" for 127.0.0.1 at 2014-04-15 10:04:01 +0100
Served asset /jquery.js - 304 Not Modified (4ms)


Started GET "/assets/jquery_ujs.js?body=1" for 127.0.0.1 at 2014-04-15 10:04:01 +0100
Served asset /jquery_ujs.js - 304 Not Modified (0ms)


Started GET "/assets/bootstrap-transition.js?body=1" for 127.0.0.1 at 2014-04-15 10:04:01 +0100
Served asset /bootstrap-transition.js - 304 Not Modified (0ms)


Started GET "/assets/bootstrap-alert.js?body=1" for 127.0.0.1 at 2014-04-15 10:04:01 +0100
Served asset /bootstrap-alert.js - 304 Not Modified (90ms)


Started GET "/assets/bootstrap-carousel.js?body=1" for 127.0.0.1 at 2014-04-15 10:04:01 +0100
Served asset /bootstrap-carousel.js - 304 Not Modified (0ms)


Started GET "/assets/bootstrap-button.js?body=1" for 127.0.0.1 at 2014-04-15 10:04:01 +0100
Served asset /bootstrap-button.js - 304 Not Modified (7ms)


Started GET "/assets/bootstrap-dropdown.js?body=1" for 127.0.0.1 at 2014-04-15 10:04:01 +0100
Served asset /bootstrap-dropdown.js - 304 Not Modified (0ms)


Started GET "/assets/bootstrap-collapse.js?body=1" for 127.0.0.1 at 2014-04-15 10:04:01 +0100
Served asset /bootstrap-collapse.js - 304 Not Modified (0ms)


Started GET "/assets/bootstrap-modal.js?body=1" for 127.0.0.1 at 2014-04-15 10:04:01 +0100
Served asset /bootstrap-modal.js - 304 Not Modified (0ms)


Started GET "/assets/bootstrap-scrollspy.js?body=1" for 127.0.0.1 at 2014-04-15 10:04:01 +0100
Served asset /bootstrap-scrollspy.js - 304 Not Modified (0ms)


Started GET "/assets/bootstrap-tab.js?body=1" for 127.0.0.1 at 2014-04-15 10:04:01 +0100
Served asset /bootstrap-tab.js - 304 Not Modified (5ms)


Started GET "/assets/bootstrap-typeahead.js?body=1" for 127.0.0.1 at 2014-04-15 10:04:01 +0100
Served asset /bootstrap-typeahead.js - 304 Not Modified (0ms)


Started GET "/assets/bootstrap-tooltip.js?body=1" for 127.0.0.1 at 2014-04-15 10:04:01 +0100
Served asset /bootstrap-tooltip.js - 304 Not Modified (21ms)


Started GET "/assets/bootstrap-popover.js?body=1" for 127.0.0.1 at 2014-04-15 10:04:01 +0100
Served asset /bootstrap-popover.js - 304 Not Modified (0ms)


Started GET "/assets/sessions.js?body=1" for 127.0.0.1 at 2014-04-15 10:04:01 +0100
Served asset /sessions.js - 304 Not Modified (20ms)


Started GET "/assets/bootstrap.js?body=1" for 127.0.0.1 at 2014-04-15 10:04:01 +0100
Served asset /bootstrap.js - 304 Not Modified (1ms)


Started GET "/assets/static_pages.js?body=1" for 127.0.0.1 at 2014-04-15 10:04:01 +0100
Served asset /static_pages.js - 304 Not Modified (0ms)


Started GET "/assets/users.js?body=1" for 127.0.0.1 at 2014-04-15 10:04:01 +0100
Served asset /users.js - 304 Not Modified (0ms)


Started GET "/assets/application.js?body=1" for 127.0.0.1 at 2014-04-15 10:04:01 +0100
Served asset /application.js - 304 Not Modified (8ms)


Started GET "/assets/rails.png" for 127.0.0.1 at 2014-04-15 10:04:01 +0100
Served asset /rails.png - 304 Not Modified (0ms)


Started GET "/" for 127.0.0.1 at 2014-04-15 10:04:14 +0100
Processing by StaticPagesController#home as HTML
  Rendered static_pages/home.html.erb within layouts/application (1.2ms)
  Rendered layouts/_shim.html.erb (0.0ms)
  [1m[36mUser Load (0.2ms)[0m  [1mSELECT "users".* FROM "users" WHERE "users"."remember_token" IS NULL LIMIT 1[0m
  Rendered layouts/_header.html.erb (2.4ms)
  Rendered layouts/_footer.html.erb (0.5ms)
Completed 200 OK in 39ms (Views: 38.3ms | ActiveRecord: 0.2ms)


Started GET "/assets/application.css?body=1" for 127.0.0.1 at 2014-04-15 10:04:14 +0100
Served asset /application.css - 304 Not Modified (119ms)


Started GET "/assets/custom.css?body=1" for 127.0.0.1 at 2014-04-15 10:04:14 +0100
Served asset /custom.css - 304 Not Modified (11ms)


Started GET "/assets/sessions.css?body=1" for 127.0.0.1 at 2014-04-15 10:04:14 +0100
Served asset /sessions.css - 304 Not Modified (0ms)


Started GET "/assets/static_pages.css?body=1" for 127.0.0.1 at 2014-04-15 10:04:14 +0100
Served asset /static_pages.css - 304 Not Modified (0ms)


Started GET "/assets/jquery.js?body=1" for 127.0.0.1 at 2014-04-15 10:04:14 +0100
Served asset /jquery.js - 304 Not Modified (1ms)


Started GET "/assets/users.css?body=1" for 127.0.0.1 at 2014-04-15 10:04:14 +0100
Served asset /users.css - 304 Not Modified (0ms)


Started GET "/assets/jquery_ujs.js?body=1" for 127.0.0.1 at 2014-04-15 10:04:14 +0100
Served asset /jquery_ujs.js - 304 Not Modified (0ms)


Started GET "/assets/bootstrap-alert.js?body=1" for 127.0.0.1 at 2014-04-15 10:04:14 +0100
Served asset /bootstrap-alert.js - 304 Not Modified (0ms)


Started GET "/assets/bootstrap-button.js?body=1" for 127.0.0.1 at 2014-04-15 10:04:14 +0100
Served asset /bootstrap-button.js - 304 Not Modified (0ms)


Started GET "/assets/bootstrap-transition.js?body=1" for 127.0.0.1 at 2014-04-15 10:04:14 +0100
Served asset /bootstrap-transition.js - 304 Not Modified (0ms)


Started GET "/assets/bootstrap-dropdown.js?body=1" for 127.0.0.1 at 2014-04-15 10:04:14 +0100
Served asset /bootstrap-dropdown.js - 304 Not Modified (0ms)


Started GET "/assets/bootstrap-carousel.js?body=1" for 127.0.0.1 at 2014-04-15 10:04:14 +0100
Served asset /bootstrap-carousel.js - 304 Not Modified (0ms)


Started GET "/assets/bootstrap-collapse.js?body=1" for 127.0.0.1 at 2014-04-15 10:04:14 +0100
Served asset /bootstrap-collapse.js - 304 Not Modified (0ms)


Started GET "/assets/bootstrap-scrollspy.js?body=1" for 127.0.0.1 at 2014-04-15 10:04:14 +0100
Served asset /bootstrap-scrollspy.js - 304 Not Modified (0ms)


Started GET "/assets/bootstrap-modal.js?body=1" for 127.0.0.1 at 2014-04-15 10:04:14 +0100
Served asset /bootstrap-modal.js - 304 Not Modified (0ms)


Started GET "/assets/bootstrap-tab.js?body=1" for 127.0.0.1 at 2014-04-15 10:04:14 +0100
Served asset /bootstrap-tab.js - 304 Not Modified (8ms)


Started GET "/assets/bootstrap-tooltip.js?body=1" for 127.0.0.1 at 2014-04-15 10:04:14 +0100
Served asset /bootstrap-tooltip.js - 304 Not Modified (0ms)


Started GET "/assets/bootstrap-popover.js?body=1" for 127.0.0.1 at 2014-04-15 10:04:15 +0100
Served asset /bootstrap-popover.js - 304 Not Modified (22ms)


Started GET "/assets/bootstrap-typeahead.js?body=1" for 127.0.0.1 at 2014-04-15 10:04:15 +0100
Served asset /bootstrap-typeahead.js - 304 Not Modified (0ms)


Started GET "/assets/bootstrap.js?body=1" for 127.0.0.1 at 2014-04-15 10:04:15 +0100
Served asset /bootstrap.js - 304 Not Modified (1ms)


Started GET "/assets/sessions.js?body=1" for 127.0.0.1 at 2014-04-15 10:04:15 +0100
Served asset /sessions.js - 304 Not Modified (0ms)


Started GET "/assets/static_pages.js?body=1" for 127.0.0.1 at 2014-04-15 10:04:15 +0100
Served asset /static_pages.js - 304 Not Modified (0ms)


Started GET "/assets/users.js?body=1" for 127.0.0.1 at 2014-04-15 10:04:15 +0100
Served asset /users.js - 304 Not Modified (0ms)


Started GET "/assets/application.js?body=1" for 127.0.0.1 at 2014-04-15 10:04:15 +0100
Served asset /application.js - 304 Not Modified (3ms)


Started GET "/" for 127.0.0.1 at 2014-04-15 10:05:39 +0100
Processing by StaticPagesController#home as HTML
  Rendered static_pages/home.html.erb within layouts/application (0.6ms)
  Rendered layouts/_shim.html.erb (0.0ms)
  [1m[35mUser Load (0.3ms)[0m  SELECT "users".* FROM "users" WHERE "users"."remember_token" IS NULL LIMIT 1
  Rendered layouts/_header.html.erb (2.7ms)
  Rendered layouts/_footer.html.erb (1.3ms)
Completed 200 OK in 78ms (Views: 77.6ms | ActiveRecord: 0.3ms)


Started GET "/assets/application.css?body=1" for 127.0.0.1 at 2014-04-15 10:05:39 +0100
Served asset /application.css - 304 Not Modified (25ms)


Started GET "/assets/custom.css?body=1" for 127.0.0.1 at 2014-04-15 10:05:39 +0100
Served asset /custom.css - 304 Not Modified (10ms)


Started GET "/assets/sessions.css?body=1" for 127.0.0.1 at 2014-04-15 10:05:39 +0100
Served asset /sessions.css - 304 Not Modified (0ms)


Started GET "/assets/static_pages.css?body=1" for 127.0.0.1 at 2014-04-15 10:05:39 +0100
Served asset /static_pages.css - 304 Not Modified (0ms)


Started GET "/assets/users.css?body=1" for 127.0.0.1 at 2014-04-15 10:05:39 +0100
Served asset /users.css - 304 Not Modified (0ms)


Started GET "/assets/jquery.js?body=1" for 127.0.0.1 at 2014-04-15 10:05:39 +0100
Served asset /jquery.js - 304 Not Modified (13ms)


Started GET "/assets/jquery_ujs.js?body=1" for 127.0.0.1 at 2014-04-15 10:05:39 +0100
Served asset /jquery_ujs.js - 304 Not Modified (0ms)


Started GET "/assets/bootstrap-transition.js?body=1" for 127.0.0.1 at 2014-04-15 10:05:39 +0100
Served asset /bootstrap-transition.js - 304 Not Modified (0ms)


Started GET "/assets/bootstrap-alert.js?body=1" for 127.0.0.1 at 2014-04-15 10:05:39 +0100
Served asset /bootstrap-alert.js - 304 Not Modified (0ms)


Started GET "/assets/bootstrap-button.js?body=1" for 127.0.0.1 at 2014-04-15 10:05:39 +0100
Served asset /bootstrap-button.js - 304 Not Modified (0ms)


Started GET "/assets/bootstrap-carousel.js?body=1" for 127.0.0.1 at 2014-04-15 10:05:39 +0100
Served asset /bootstrap-carousel.js - 304 Not Modified (0ms)


Started GET "/assets/bootstrap-collapse.js?body=1" for 127.0.0.1 at 2014-04-15 10:05:39 +0100
Served asset /bootstrap-collapse.js - 304 Not Modified (0ms)


Started GET "/assets/bootstrap-modal.js?body=1" for 127.0.0.1 at 2014-04-15 10:05:39 +0100
Served asset /bootstrap-modal.js - 304 Not Modified (0ms)


Started GET "/assets/bootstrap-dropdown.js?body=1" for 127.0.0.1 at 2014-04-15 10:05:39 +0100
Served asset /bootstrap-dropdown.js - 304 Not Modified (0ms)


Started GET "/assets/bootstrap-scrollspy.js?body=1" for 127.0.0.1 at 2014-04-15 10:05:39 +0100
Served asset /bootstrap-scrollspy.js - 304 Not Modified (0ms)


Started GET "/assets/bootstrap-tab.js?body=1" for 127.0.0.1 at 2014-04-15 10:05:39 +0100
Served asset /bootstrap-tab.js - 304 Not Modified (0ms)


Started GET "/assets/bootstrap-tooltip.js?body=1" for 127.0.0.1 at 2014-04-15 10:05:39 +0100
Served asset /bootstrap-tooltip.js - 304 Not Modified (0ms)


Started GET "/assets/bootstrap-popover.js?body=1" for 127.0.0.1 at 2014-04-15 10:05:39 +0100
Served asset /bootstrap-popover.js - 304 Not Modified (0ms)


Started GET "/assets/bootstrap.js?body=1" for 127.0.0.1 at 2014-04-15 10:05:39 +0100
Served asset /bootstrap.js - 304 Not Modified (1ms)


Started GET "/assets/bootstrap-typeahead.js?body=1" for 127.0.0.1 at 2014-04-15 10:05:39 +0100
Served asset /bootstrap-typeahead.js - 304 Not Modified (0ms)


Started GET "/assets/sessions.js?body=1" for 127.0.0.1 at 2014-04-15 10:05:39 +0100
Served asset /sessions.js - 304 Not Modified (2ms)


Started GET "/assets/static_pages.js?body=1" for 127.0.0.1 at 2014-04-15 10:05:39 +0100
Served asset /static_pages.js - 304 Not Modified (0ms)


Started GET "/assets/application.js?body=1" for 127.0.0.1 at 2014-04-15 10:05:39 +0100
Served asset /application.js - 304 Not Modified (12ms)


Started GET "/assets/users.js?body=1" for 127.0.0.1 at 2014-04-15 10:05:39 +0100
Served asset /users.js - 304 Not Modified (0ms)


Started GET "/" for 127.0.0.1 at 2014-04-15 10:06:26 +0100
Processing by StaticPagesController#home as HTML
  Rendered static_pages/home.html.erb within layouts/application (0.4ms)
  Rendered layouts/_shim.html.erb (0.1ms)
  [1m[36mUser Load (0.3ms)[0m  [1mSELECT "users".* FROM "users" WHERE "users"."remember_token" IS NULL LIMIT 1[0m
  Rendered layouts/_header.html.erb (4.1ms)
  Rendered layouts/_footer.html.erb (2.3ms)
Completed 200 OK in 82ms (Views: 81.7ms | ActiveRecord: 0.3ms)


Started GET "/assets/application.css?body=1" for 127.0.0.1 at 2014-04-15 10:06:26 +0100
Served asset /application.css - 304 Not Modified (3ms)


Started GET "/assets/custom.css?body=1" for 127.0.0.1 at 2014-04-15 10:06:26 +0100
Served asset /custom.css - 304 Not Modified (7ms)


Started GET "/assets/sessions.css?body=1" for 127.0.0.1 at 2014-04-15 10:06:26 +0100
Served asset /sessions.css - 304 Not Modified (0ms)


Started GET "/assets/static_pages.css?body=1" for 127.0.0.1 at 2014-04-15 10:06:26 +0100
Served asset /static_pages.css - 304 Not Modified (0ms)


Started GET "/assets/users.css?body=1" for 127.0.0.1 at 2014-04-15 10:06:26 +0100
Served asset /users.css - 304 Not Modified (0ms)


Started GET "/assets/jquery.js?body=1" for 127.0.0.1 at 2014-04-15 10:06:26 +0100
Served asset /jquery.js - 304 Not Modified (2ms)


Started GET "/assets/bootstrap-carousel.js?body=1" for 127.0.0.1 at 2014-04-15 10:06:26 +0100
Served asset /bootstrap-carousel.js - 304 Not Modified (0ms)


Started GET "/assets/bootstrap-button.js?body=1" for 127.0.0.1 at 2014-04-15 10:06:26 +0100
Served asset /bootstrap-button.js - 304 Not Modified (0ms)


Started GET "/assets/bootstrap-alert.js?body=1" for 127.0.0.1 at 2014-04-15 10:06:26 +0100
Served asset /bootstrap-alert.js - 304 Not Modified (0ms)


Started GET "/assets/bootstrap-transition.js?body=1" for 127.0.0.1 at 2014-04-15 10:06:26 +0100
Served asset /bootstrap-transition.js - 304 Not Modified (0ms)


Started GET "/assets/jquery_ujs.js?body=1" for 127.0.0.1 at 2014-04-15 10:06:26 +0100
Served asset /jquery_ujs.js - 304 Not Modified (13ms)


Started GET "/assets/bootstrap-collapse.js?body=1" for 127.0.0.1 at 2014-04-15 10:06:26 +0100
Served asset /bootstrap-collapse.js - 304 Not Modified (0ms)


Started GET "/assets/bootstrap-dropdown.js?body=1" for 127.0.0.1 at 2014-04-15 10:06:26 +0100
Served asset /bootstrap-dropdown.js - 304 Not Modified (90ms)


Started GET "/assets/bootstrap-modal.js?body=1" for 127.0.0.1 at 2014-04-15 10:06:27 +0100
Served asset /bootstrap-modal.js - 304 Not Modified (4ms)


Started GET "/assets/bootstrap-scrollspy.js?body=1" for 127.0.0.1 at 2014-04-15 10:06:27 +0100
Served asset /bootstrap-scrollspy.js - 304 Not Modified (0ms)


Started GET "/assets/bootstrap-tab.js?body=1" for 127.0.0.1 at 2014-04-15 10:06:27 +0100
Served asset /bootstrap-tab.js - 304 Not Modified (0ms)


Started GET "/assets/bootstrap-tooltip.js?body=1" for 127.0.0.1 at 2014-04-15 10:06:27 +0100
Served asset /bootstrap-tooltip.js - 304 Not Modified (0ms)


Started GET "/assets/bootstrap-popover.js?body=1" for 127.0.0.1 at 2014-04-15 10:06:27 +0100
Served asset /bootstrap-popover.js - 304 Not Modified (0ms)


Started GET "/assets/bootstrap-typeahead.js?body=1" for 127.0.0.1 at 2014-04-15 10:06:27 +0100
Served asset /bootstrap-typeahead.js - 304 Not Modified (5ms)


Started GET "/assets/bootstrap.js?body=1" for 127.0.0.1 at 2014-04-15 10:06:27 +0100
Served asset /bootstrap.js - 304 Not Modified (6ms)


Started GET "/assets/sessions.js?body=1" for 127.0.0.1 at 2014-04-15 10:06:27 +0100
Served asset /sessions.js - 304 Not Modified (0ms)


Started GET "/assets/static_pages.js?body=1" for 127.0.0.1 at 2014-04-15 10:06:27 +0100
Served asset /static_pages.js - 304 Not Modified (0ms)


Started GET "/assets/users.js?body=1" for 127.0.0.1 at 2014-04-15 10:06:27 +0100
Served asset /users.js - 304 Not Modified (3ms)


Started GET "/assets/application.js?body=1" for 127.0.0.1 at 2014-04-15 10:06:27 +0100
Served asset /application.js - 304 Not Modified (16ms)
Initializing jasmine.yml configuration


Started GET "/spec" for 127.0.0.1 at 2014-04-15 10:38:25 +0100
Connecting to database specified by database.yml

ActionController::RoutingError (No route matches [GET] "/spec"):
  actionpack (3.2.12) lib/action_dispatch/middleware/debug_exceptions.rb:21:in `call'
  actionpack (3.2.12) lib/action_dispatch/middleware/show_exceptions.rb:56:in `call'
  railties (3.2.12) lib/rails/rack/logger.rb:32:in `call_app'
  railties (3.2.12) lib/rails/rack/logger.rb:16:in `block in call'
  activesupport (3.2.12) lib/active_support/tagged_logging.rb:22:in `tagged'
  railties (3.2.12) lib/rails/rack/logger.rb:16:in `call'
  actionpack (3.2.12) lib/action_dispatch/middleware/request_id.rb:22:in `call'
  rack (1.4.5) lib/rack/methodoverride.rb:21:in `call'
  rack (1.4.5) lib/rack/runtime.rb:17:in `call'
  activesupport (3.2.12) lib/active_support/cache/strategy/local_cache.rb:72:in `call'
  rack (1.4.5) lib/rack/lock.rb:15:in `call'
  actionpack (3.2.12) lib/action_dispatch/middleware/static.rb:62:in `call'
  railties (3.2.12) lib/rails/engine.rb:479:in `call'
  railties (3.2.12) lib/rails/application.rb:223:in `call'
  rack (1.4.5) lib/rack/content_length.rb:14:in `call'
  railties (3.2.12) lib/rails/rack/log_tailer.rb:17:in `call'
  rack (1.4.5) lib/rack/handler/webrick.rb:59:in `service'
  /home/wafuser/.rvm/rubies/ruby-1.9.3-p194/lib/ruby/1.9.1/webrick/httpserver.rb:138:in `service'
  /home/wafuser/.rvm/rubies/ruby-1.9.3-p194/lib/ruby/1.9.1/webrick/httpserver.rb:94:in `run'
  /home/wafuser/.rvm/rubies/ruby-1.9.3-p194/lib/ruby/1.9.1/webrick/server.rb:191:in `block in start_thread'


  Rendered /home/wafuser/.rvm/gems/ruby-1.9.3-p194/gems/actionpack-3.2.12/lib/action_dispatch/middleware/templates/rescues/routing_error.erb within rescues/layout (4.3ms)


Started GET "/spec.html" for 127.0.0.1 at 2014-04-15 10:38:30 +0100

ActionController::RoutingError (No route matches [GET] "/spec.html"):
  actionpack (3.2.12) lib/action_dispatch/middleware/debug_exceptions.rb:21:in `call'
  actionpack (3.2.12) lib/action_dispatch/middleware/show_exceptions.rb:56:in `call'
  railties (3.2.12) lib/rails/rack/logger.rb:32:in `call_app'
  railties (3.2.12) lib/rails/rack/logger.rb:16:in `block in call'
  activesupport (3.2.12) lib/active_support/tagged_logging.rb:22:in `tagged'
  railties (3.2.12) lib/rails/rack/logger.rb:16:in `call'
  actionpack (3.2.12) lib/action_dispatch/middleware/request_id.rb:22:in `call'
  rack (1.4.5) lib/rack/methodoverride.rb:21:in `call'
  rack (1.4.5) lib/rack/runtime.rb:17:in `call'
  activesupport (3.2.12) lib/active_support/cache/strategy/local_cache.rb:72:in `call'
  rack (1.4.5) lib/rack/lock.rb:15:in `call'
  actionpack (3.2.12) lib/action_dispatch/middleware/static.rb:62:in `call'
  railties (3.2.12) lib/rails/engine.rb:479:in `call'
  railties (3.2.12) lib/rails/application.rb:223:in `call'
  rack (1.4.5) lib/rack/content_length.rb:14:in `call'
  railties (3.2.12) lib/rails/rack/log_tailer.rb:17:in `call'
  rack (1.4.5) lib/rack/handler/webrick.rb:59:in `service'
  /home/wafuser/.rvm/rubies/ruby-1.9.3-p194/lib/ruby/1.9.1/webrick/httpserver.rb:138:in `service'
  /home/wafuser/.rvm/rubies/ruby-1.9.3-p194/lib/ruby/1.9.1/webrick/httpserver.rb:94:in `run'
  /home/wafuser/.rvm/rubies/ruby-1.9.3-p194/lib/ruby/1.9.1/webrick/server.rb:191:in `block in start_thread'


  Rendered /home/wafuser/.rvm/gems/ruby-1.9.3-p194/gems/actionpack-3.2.12/lib/action_dispatch/middleware/templates/rescues/routing_error.erb within rescues/layout (0.8ms)


Started GET "/specs" for 127.0.0.1 at 2014-04-15 10:39:22 +0100
Processing by JasmineRails::SpecRunnerController#index as HTML
  Rendered /home/wafuser/.rvm/gems/ruby-1.9.3-p194/gems/jasmine-rails-0.6.0/app/views/jasmine_rails/spec_runner/index.html.erb within layouts/jasmine_rails/spec_runner (0.5ms)
Compiled jasmine.css  (0ms)  (pid 3324)
Compiled jasmine.js  (2ms)  (pid 3324)
Compiled json2.js  (1ms)  (pid 3324)
Compiled jasmine-html.js  (0ms)  (pid 3324)
Compiled boot.js  (0ms)  (pid 3324)
Compiled angular.js  (62ms)  (pid 3324)
Compiled angular-animate.js  (1ms)  (pid 3324)
Compiled angular-resource.js  (1ms)  (pid 3324)
Compiled application.js  (162ms)  (pid 3324)
Compiled foo_spec.js  (0ms)  (pid 3324)
Compiled jasmine-specs.js  (212ms)  (pid 3324)
Completed 200 OK in 605ms (Views: 604.8ms | ActiveRecord: 0.0ms)


Started GET "/assets/jasmine.css?body=1" for 127.0.0.1 at 2014-04-15 10:39:22 +0100
Served asset /jasmine.css - 200 OK (8ms)


Started GET "/assets/jasmine.js?body=1" for 127.0.0.1 at 2014-04-15 10:39:22 +0100
Served asset /jasmine.js - 200 OK (19ms)


Started GET "/assets/json2.js?body=1" for 127.0.0.1 at 2014-04-15 10:39:22 +0100
Served asset /json2.js - 200 OK (11ms)


Started GET "/assets/jasmine-html.js?body=1" for 127.0.0.1 at 2014-04-15 10:39:22 +0100
Served asset /jasmine-html.js - 200 OK (113ms)


Started GET "/assets/boot.js?body=1" for 127.0.0.1 at 2014-04-15 10:39:23 +0100
Served asset /boot.js - 200 OK (16ms)


Started GET "/assets/jquery.js?body=1" for 127.0.0.1 at 2014-04-15 10:39:23 +0100
Served asset /jquery.js - 304 Not Modified (16ms)


Started GET "/assets/jquery_ujs.js?body=1" for 127.0.0.1 at 2014-04-15 10:39:23 +0100
Served asset /jquery_ujs.js - 304 Not Modified (21ms)


Started GET "/assets/bootstrap-transition.js?body=1" for 127.0.0.1 at 2014-04-15 10:39:23 +0100
Served asset /bootstrap-transition.js - 304 Not Modified (17ms)


Started GET "/assets/bootstrap-alert.js?body=1" for 127.0.0.1 at 2014-04-15 10:39:23 +0100
Served asset /bootstrap-alert.js - 304 Not Modified (3ms)


Started GET "/assets/bootstrap-button.js?body=1" for 127.0.0.1 at 2014-04-15 10:39:23 +0100
Served asset /bootstrap-button.js - 304 Not Modified (16ms)


Started GET "/assets/bootstrap-carousel.js?body=1" for 127.0.0.1 at 2014-04-15 10:39:23 +0100
Served asset /bootstrap-carousel.js - 304 Not Modified (23ms)


Started GET "/assets/bootstrap-collapse.js?body=1" for 127.0.0.1 at 2014-04-15 10:39:23 +0100
Served asset /bootstrap-collapse.js - 304 Not Modified (15ms)


Started GET "/assets/bootstrap-dropdown.js?body=1" for 127.0.0.1 at 2014-04-15 10:39:23 +0100
Served asset /bootstrap-dropdown.js - 304 Not Modified (23ms)


Started GET "/assets/bootstrap-modal.js?body=1" for 127.0.0.1 at 2014-04-15 10:39:23 +0100
Served asset /bootstrap-modal.js - 304 Not Modified (16ms)


Started GET "/assets/bootstrap-scrollspy.js?body=1" for 127.0.0.1 at 2014-04-15 10:39:23 +0100
Served asset /bootstrap-scrollspy.js - 304 Not Modified (20ms)


Started GET "/assets/bootstrap-tab.js?body=1" for 127.0.0.1 at 2014-04-15 10:39:23 +0100
Served asset /bootstrap-tab.js - 304 Not Modified (3ms)


Started GET "/assets/bootstrap-tooltip.js?body=1" for 127.0.0.1 at 2014-04-15 10:39:23 +0100
Served asset /bootstrap-tooltip.js - 304 Not Modified (11ms)


Started GET "/assets/bootstrap-popover.js?body=1" for 127.0.0.1 at 2014-04-15 10:39:23 +0100
Served asset /bootstrap-popover.js - 304 Not Modified (13ms)


Started GET "/assets/bootstrap-typeahead.js?body=1" for 127.0.0.1 at 2014-04-15 10:39:23 +0100
Served asset /bootstrap-typeahead.js - 304 Not Modified (11ms)


Started GET "/assets/bootstrap.js?body=1" for 127.0.0.1 at 2014-04-15 10:39:23 +0100
Served asset /bootstrap.js - 304 Not Modified (63ms)


Started GET "/assets/angular.js?body=1" for 127.0.0.1 at 2014-04-15 10:39:23 +0100
Served asset /angular.js - 200 OK (43ms)


Started GET "/assets/angular-animate.js?body=1" for 127.0.0.1 at 2014-04-15 10:39:23 +0100
Served asset /angular-animate.js - 200 OK (10ms)


Started GET "/assets/angular-resource.js?body=1" for 127.0.0.1 at 2014-04-15 10:39:23 +0100
Served asset /angular-resource.js - 200 OK (23ms)


Started GET "/assets/sessions.js?body=1" for 127.0.0.1 at 2014-04-15 10:39:23 +0100
Served asset /sessions.js - 304 Not Modified (9ms)


Started GET "/assets/static_pages.js?body=1" for 127.0.0.1 at 2014-04-15 10:39:23 +0100
Served asset /static_pages.js - 304 Not Modified (11ms)


Started GET "/assets/users.js?body=1" for 127.0.0.1 at 2014-04-15 10:39:23 +0100
Served asset /users.js - 304 Not Modified (2ms)


Started GET "/assets/application.js?body=1" for 127.0.0.1 at 2014-04-15 10:39:23 +0100
Served asset /application.js - 200 OK (186ms)


Started GET "/assets/foo_spec.js?body=1" for 127.0.0.1 at 2014-04-15 10:39:23 +0100
Served asset /foo_spec.js - 200 OK (15ms)


Started GET "/assets/jasmine-specs.js?body=1" for 127.0.0.1 at 2014-04-15 10:39:23 +0100
Served asset /jasmine-specs.js - 200 OK (116ms)


Started GET "/" for 127.0.0.1 at 2014-04-15 20:08:04 +0100
Connecting to database specified by database.yml
Processing by StaticPagesController#home as HTML
  Rendered static_pages/home.html.erb within layouts/application (37.4ms)
Compiled custom.css  (2339ms)  (pid 2267)
Compiled application.css  (9ms)  (pid 2267)
  Rendered layouts/_shim.html.erb (0.4ms)
  [1m[36mUser Load (0.3ms)[0m  [1mSELECT "users".* FROM "users" WHERE "users"."remember_token" IS NULL LIMIT 1[0m
  Rendered layouts/_header.html.erb (235.7ms)
  Rendered layouts/_footer.html.erb (2.1ms)
Completed 200 OK in 4187ms (Views: 4082.6ms | ActiveRecord: 103.5ms)


Started GET "/assets/application.css?body=1" for 127.0.0.1 at 2014-04-15 20:08:10 +0100
Served asset /application.css - 304 Not Modified (56ms)


Started GET "/assets/custom.css?body=1" for 127.0.0.1 at 2014-04-15 20:08:10 +0100
Served asset /custom.css - 200 OK (19ms)


Started GET "/assets/angular.js?body=1" for 127.0.0.1 at 2014-04-15 20:08:10 +0100
Served asset /angular.js - 304 Not Modified (25ms)


Started GET "/assets/angular-resource.js?body=1" for 127.0.0.1 at 2014-04-15 20:08:10 +0100
Served asset /angular-resource.js - 304 Not Modified (22ms)


Started GET "/assets/static_pages.js?body=1" for 127.0.0.1 at 2014-04-15 20:08:10 +0100
Served asset /static_pages.js - 304 Not Modified (10ms)


Started GET "/assets/angular-animate.js?body=1" for 127.0.0.1 at 2014-04-15 20:08:10 +0100
Served asset /angular-animate.js - 304 Not Modified (120ms)


Started GET "/assets/sessions.css?body=1" for 127.0.0.1 at 2014-04-15 20:08:10 +0100
Served asset /sessions.css - 304 Not Modified (21ms)


Started GET "/assets/jquery.js?body=1" for 127.0.0.1 at 2014-04-15 20:08:10 +0100
Served asset /jquery.js - 304 Not Modified (29ms)


Started GET "/assets/bootstrap-alert.js?body=1" for 127.0.0.1 at 2014-04-15 20:08:10 +0100
Served asset /bootstrap-alert.js - 304 Not Modified (9ms)


Started GET "/assets/users.css?body=1" for 127.0.0.1 at 2014-04-15 20:08:10 +0100
Served asset /users.css - 304 Not Modified (2ms)


Started GET "/assets/bootstrap-button.js?body=1" for 127.0.0.1 at 2014-04-15 20:08:10 +0100
Served asset /bootstrap-button.js - 304 Not Modified (21ms)


Started GET "/assets/sessions.js?body=1" for 127.0.0.1 at 2014-04-15 20:08:10 +0100
Served asset /sessions.js - 304 Not Modified (6ms)


Started GET "/assets/bootstrap-modal.js?body=1" for 127.0.0.1 at 2014-04-15 20:08:10 +0100
Served asset /bootstrap-modal.js - 304 Not Modified (12ms)


Started GET "/assets/static_pages.css?body=1" for 127.0.0.1 at 2014-04-15 20:08:10 +0100
Served asset /static_pages.css - 304 Not Modified (8ms)


Started GET "/assets/jquery_ujs.js?body=1" for 127.0.0.1 at 2014-04-15 20:08:10 +0100
Served asset /jquery_ujs.js - 304 Not Modified (18ms)


Started GET "/assets/bootstrap-carousel.js?body=1" for 127.0.0.1 at 2014-04-15 20:08:10 +0100
Served asset /bootstrap-carousel.js - 304 Not Modified (24ms)


Started GET "/assets/bootstrap-scrollspy.js?body=1" for 127.0.0.1 at 2014-04-15 20:08:10 +0100
Served asset /bootstrap-scrollspy.js - 304 Not Modified (15ms)


Started GET "/assets/users.js?body=1" for 127.0.0.1 at 2014-04-15 20:08:10 +0100
Served asset /users.js - 304 Not Modified (6ms)


Started GET "/assets/bootstrap-collapse.js?body=1" for 127.0.0.1 at 2014-04-15 20:08:10 +0100
Served asset /bootstrap-collapse.js - 304 Not Modified (15ms)


Started GET "/assets/application.js?body=1" for 127.0.0.1 at 2014-04-15 20:08:11 +0100
Served asset /application.js - 200 OK (95ms)


Started GET "/assets/bootstrap-tab.js?body=1" for 127.0.0.1 at 2014-04-15 20:08:11 +0100
Served asset /bootstrap-tab.js - 304 Not Modified (8ms)


Started GET "/assets/bootstrap-dropdown.js?body=1" for 127.0.0.1 at 2014-04-15 20:08:11 +0100
Served asset /bootstrap-dropdown.js - 304 Not Modified (7ms)


Started GET "/assets/bootstrap-popover.js?body=1" for 127.0.0.1 at 2014-04-15 20:08:11 +0100
Served asset /bootstrap-popover.js - 304 Not Modified (13ms)


Started GET "/assets/bootstrap-tooltip.js?body=1" for 127.0.0.1 at 2014-04-15 20:08:11 +0100
Served asset /bootstrap-tooltip.js - 304 Not Modified (8ms)


Started GET "/assets/bootstrap-typeahead.js?body=1" for 127.0.0.1 at 2014-04-15 20:08:11 +0100
Served asset /bootstrap-typeahead.js - 304 Not Modified (14ms)


Started GET "/assets/bootstrap-transition.js?body=1" for 127.0.0.1 at 2014-04-15 20:08:11 +0100
Served asset /bootstrap-transition.js - 304 Not Modified (3ms)


Started GET "/assets/bootstrap.js?body=1" for 127.0.0.1 at 2014-04-15 20:08:11 +0100
Served asset /bootstrap.js - 304 Not Modified (47ms)


Started GET "/" for 127.0.0.1 at 2014-04-15 20:09:14 +0100
Processing by StaticPagesController#home as HTML
  Rendered static_pages/home.html.erb within layouts/application (0.7ms)
  Rendered layouts/_shim.html.erb (0.0ms)
  [1m[35mUser Load (0.3ms)[0m  SELECT "users".* FROM "users" WHERE "users"."remember_token" IS NULL LIMIT 1
  Rendered layouts/_header.html.erb (2.9ms)
  Rendered layouts/_footer.html.erb (0.5ms)
Completed 200 OK in 72ms (Views: 71.6ms | ActiveRecord: 0.3ms)


Started GET "/assets/application.css?body=1" for 127.0.0.1 at 2014-04-15 20:09:14 +0100
Served asset /application.css - 304 Not Modified (16ms)


Started GET "/assets/sessions.css?body=1" for 127.0.0.1 at 2014-04-15 20:09:14 +0100
Served asset /sessions.css - 304 Not Modified (2ms)


Started GET "/assets/custom.css?body=1" for 127.0.0.1 at 2014-04-15 20:09:14 +0100
Served asset /custom.css - 304 Not Modified (8ms)


Started GET "/assets/users.css?body=1" for 127.0.0.1 at 2014-04-15 20:09:14 +0100
Served asset /users.css - 304 Not Modified (0ms)


Started GET "/assets/static_pages.css?body=1" for 127.0.0.1 at 2014-04-15 20:09:14 +0100
Served asset /static_pages.css - 304 Not Modified (0ms)


Started GET "/assets/jquery.js?body=1" for 127.0.0.1 at 2014-04-15 20:09:14 +0100
Served asset /jquery.js - 304 Not Modified (16ms)


Started GET "/assets/jquery_ujs.js?body=1" for 127.0.0.1 at 2014-04-15 20:09:14 +0100
Served asset /jquery_ujs.js - 304 Not Modified (0ms)


Started GET "/assets/bootstrap-transition.js?body=1" for 127.0.0.1 at 2014-04-15 20:09:14 +0100
Served asset /bootstrap-transition.js - 304 Not Modified (0ms)


Started GET "/assets/bootstrap-button.js?body=1" for 127.0.0.1 at 2014-04-15 20:09:14 +0100
Served asset /bootstrap-button.js - 304 Not Modified (0ms)


Started GET "/assets/bootstrap-alert.js?body=1" for 127.0.0.1 at 2014-04-15 20:09:14 +0100
Served asset /bootstrap-alert.js - 304 Not Modified (2ms)


Started GET "/assets/bootstrap-carousel.js?body=1" for 127.0.0.1 at 2014-04-15 20:09:14 +0100
Served asset /bootstrap-carousel.js - 304 Not Modified (0ms)


Started GET "/assets/bootstrap-modal.js?body=1" for 127.0.0.1 at 2014-04-15 20:09:14 +0100
Served asset /bootstrap-modal.js - 304 Not Modified (0ms)


Started GET "/assets/bootstrap-collapse.js?body=1" for 127.0.0.1 at 2014-04-15 20:09:14 +0100
Served asset /bootstrap-collapse.js - 304 Not Modified (0ms)


Started GET "/assets/bootstrap-dropdown.js?body=1" for 127.0.0.1 at 2014-04-15 20:09:14 +0100
Served asset /bootstrap-dropdown.js - 304 Not Modified (0ms)


Started GET "/assets/bootstrap-tooltip.js?body=1" for 127.0.0.1 at 2014-04-15 20:09:14 +0100
Served asset /bootstrap-tooltip.js - 304 Not Modified (0ms)


Started GET "/assets/bootstrap-tab.js?body=1" for 127.0.0.1 at 2014-04-15 20:09:14 +0100
Served asset /bootstrap-tab.js - 304 Not Modified (1ms)


Started GET "/assets/bootstrap-scrollspy.js?body=1" for 127.0.0.1 at 2014-04-15 20:09:14 +0100
Served asset /bootstrap-scrollspy.js - 304 Not Modified (0ms)


Started GET "/assets/bootstrap-typeahead.js?body=1" for 127.0.0.1 at 2014-04-15 20:09:14 +0100
Served asset /bootstrap-typeahead.js - 304 Not Modified (20ms)


Started GET "/assets/bootstrap-popover.js?body=1" for 127.0.0.1 at 2014-04-15 20:09:14 +0100
Served asset /bootstrap-popover.js - 304 Not Modified (3ms)


Started GET "/assets/angular.js?body=1" for 127.0.0.1 at 2014-04-15 20:09:14 +0100
Served asset /angular.js - 304 Not Modified (12ms)


Started GET "/assets/bootstrap.js?body=1" for 127.0.0.1 at 2014-04-15 20:09:14 +0100
Served asset /bootstrap.js - 304 Not Modified (1ms)


Started GET "/assets/angular-resource.js?body=1" for 127.0.0.1 at 2014-04-15 20:09:14 +0100
Served asset /angular-resource.js - 304 Not Modified (0ms)


Started GET "/assets/angular-animate.js?body=1" for 127.0.0.1 at 2014-04-15 20:09:14 +0100
Served asset /angular-animate.js - 304 Not Modified (0ms)


Started GET "/assets/sessions.js?body=1" for 127.0.0.1 at 2014-04-15 20:09:14 +0100
Served asset /sessions.js - 304 Not Modified (0ms)


Started GET "/assets/static_pages.js?body=1" for 127.0.0.1 at 2014-04-15 20:09:14 +0100
Served asset /static_pages.js - 304 Not Modified (0ms)


Started GET "/assets/users.js?body=1" for 127.0.0.1 at 2014-04-15 20:09:14 +0100
Served asset /users.js - 304 Not Modified (0ms)


Started GET "/about" for 127.0.0.1 at 2014-04-15 20:09:27 +0100
Processing by StaticPagesController#about as HTML
  Rendered static_pages/about.html.erb within layouts/application (0.6ms)
  Rendered layouts/_shim.html.erb (0.0ms)
  [1m[36mUser Load (0.3ms)[0m  [1mSELECT "users".* FROM "users" WHERE "users"."remember_token" IS NULL LIMIT 1[0m
  Rendered layouts/_header.html.erb (3.2ms)
  Rendered layouts/_footer.html.erb (0.4ms)
Completed 200 OK in 83ms (Views: 82.2ms | ActiveRecord: 0.3ms)


Started GET "/assets/application.css?body=1" for 127.0.0.1 at 2014-04-15 20:09:27 +0100
Served asset /application.css - 304 Not Modified (36ms)


Started GET "/assets/custom.css?body=1" for 127.0.0.1 at 2014-04-15 20:09:27 +0100
Served asset /custom.css - 304 Not Modified (3ms)


Started GET "/assets/sessions.css?body=1" for 127.0.0.1 at 2014-04-15 20:09:27 +0100
Served asset /sessions.css - 304 Not Modified (0ms)


Started GET "/assets/static_pages.css?body=1" for 127.0.0.1 at 2014-04-15 20:09:27 +0100
Served asset /static_pages.css - 304 Not Modified (0ms)


Started GET "/assets/users.css?body=1" for 127.0.0.1 at 2014-04-15 20:09:27 +0100
Served asset /users.css - 304 Not Modified (0ms)


Started GET "/assets/jquery.js?body=1" for 127.0.0.1 at 2014-04-15 20:09:27 +0100
Served asset /jquery.js - 304 Not Modified (3ms)


Started GET "/assets/jquery_ujs.js?body=1" for 127.0.0.1 at 2014-04-15 20:09:27 +0100
Served asset /jquery_ujs.js - 304 Not Modified (23ms)


Started GET "/assets/bootstrap-transition.js?body=1" for 127.0.0.1 at 2014-04-15 20:09:27 +0100
Served asset /bootstrap-transition.js - 304 Not Modified (0ms)


Started GET "/assets/bootstrap-alert.js?body=1" for 127.0.0.1 at 2014-04-15 20:09:27 +0100
Served asset /bootstrap-alert.js - 304 Not Modified (0ms)


Started GET "/assets/bootstrap-carousel.js?body=1" for 127.0.0.1 at 2014-04-15 20:09:27 +0100
Served asset /bootstrap-carousel.js - 304 Not Modified (0ms)


Started GET "/assets/bootstrap-button.js?body=1" for 127.0.0.1 at 2014-04-15 20:09:27 +0100
Served asset /bootstrap-button.js - 304 Not Modified (0ms)


Started GET "/assets/bootstrap-collapse.js?body=1" for 127.0.0.1 at 2014-04-15 20:09:27 +0100
Served asset /bootstrap-collapse.js - 304 Not Modified (0ms)


Started GET "/assets/bootstrap-modal.js?body=1" for 127.0.0.1 at 2014-04-15 20:09:27 +0100
Served asset /bootstrap-modal.js - 304 Not Modified (0ms)


Started GET "/assets/bootstrap-tooltip.js?body=1" for 127.0.0.1 at 2014-04-15 20:09:27 +0100
Served asset /bootstrap-tooltip.js - 304 Not Modified (0ms)


Started GET "/assets/bootstrap-dropdown.js?body=1" for 127.0.0.1 at 2014-04-15 20:09:27 +0100
Served asset /bootstrap-dropdown.js - 304 Not Modified (0ms)


Started GET "/assets/bootstrap-tab.js?body=1" for 127.0.0.1 at 2014-04-15 20:09:27 +0100
Served asset /bootstrap-tab.js - 304 Not Modified (0ms)


Started GET "/assets/bootstrap-scrollspy.js?body=1" for 127.0.0.1 at 2014-04-15 20:09:27 +0100
Served asset /bootstrap-scrollspy.js - 304 Not Modified (0ms)


Started GET "/assets/bootstrap-popover.js?body=1" for 127.0.0.1 at 2014-04-15 20:09:27 +0100
Served asset /bootstrap-popover.js - 304 Not Modified (0ms)


Started GET "/assets/bootstrap.js?body=1" for 127.0.0.1 at 2014-04-15 20:09:27 +0100
Served asset /bootstrap.js - 304 Not Modified (5ms)


Started GET "/assets/angular.js?body=1" for 127.0.0.1 at 2014-04-15 20:09:27 +0100
Served asset /angular.js - 304 Not Modified (61ms)


Started GET "/assets/bootstrap-typeahead.js?body=1" for 127.0.0.1 at 2014-04-15 20:09:28 +0100
Served asset /bootstrap-typeahead.js - 304 Not Modified (0ms)


Started GET "/assets/angular-animate.js?body=1" for 127.0.0.1 at 2014-04-15 20:09:28 +0100
Served asset /angular-animate.js - 304 Not Modified (0ms)


Started GET "/assets/angular-resource.js?body=1" for 127.0.0.1 at 2014-04-15 20:09:28 +0100
Served asset /angular-resource.js - 304 Not Modified (0ms)


Started GET "/assets/static_pages.js?body=1" for 127.0.0.1 at 2014-04-15 20:09:28 +0100
Served asset /static_pages.js - 304 Not Modified (0ms)


Started GET "/assets/sessions.js?body=1" for 127.0.0.1 at 2014-04-15 20:09:28 +0100
Served asset /sessions.js - 304 Not Modified (0ms)


Started GET "/assets/users.js?body=1" for 127.0.0.1 at 2014-04-15 20:09:28 +0100
Served asset /users.js - 304 Not Modified (0ms)


Started GET "/help" for 127.0.0.1 at 2014-04-15 20:09:50 +0100
Processing by StaticPagesController#help as HTML
  Rendered static_pages/help.html.erb within layouts/application (0.5ms)
  Rendered layouts/_shim.html.erb (0.1ms)
  [1m[35mUser Load (0.2ms)[0m  SELECT "users".* FROM "users" WHERE "users"."remember_token" IS NULL LIMIT 1
  Rendered layouts/_header.html.erb (2.5ms)
  Rendered layouts/_footer.html.erb (0.5ms)
Completed 200 OK in 51ms (Views: 49.8ms | ActiveRecord: 0.2ms)


Started GET "/assets/application.css?body=1" for 127.0.0.1 at 2014-04-15 20:09:50 +0100
Served asset /application.css - 304 Not Modified (21ms)


Started GET "/assets/custom.css?body=1" for 127.0.0.1 at 2014-04-15 20:09:50 +0100
Served asset /custom.css - 304 Not Modified (16ms)


Started GET "/assets/sessions.css?body=1" for 127.0.0.1 at 2014-04-15 20:09:50 +0100
Served asset /sessions.css - 304 Not Modified (0ms)


Started GET "/assets/users.css?body=1" for 127.0.0.1 at 2014-04-15 20:09:50 +0100
Served asset /users.css - 304 Not Modified (0ms)


Started GET "/assets/static_pages.css?body=1" for 127.0.0.1 at 2014-04-15 20:09:50 +0100
Served asset /static_pages.css - 304 Not Modified (0ms)


Started GET "/assets/jquery.js?body=1" for 127.0.0.1 at 2014-04-15 20:09:51 +0100
Served asset /jquery.js - 304 Not Modified (14ms)


Started GET "/assets/jquery_ujs.js?body=1" for 127.0.0.1 at 2014-04-15 20:09:51 +0100
Served asset /jquery_ujs.js - 304 Not Modified (0ms)


Started GET "/assets/bootstrap-transition.js?body=1" for 127.0.0.1 at 2014-04-15 20:09:51 +0100
Served asset /bootstrap-transition.js - 304 Not Modified (0ms)


Started GET "/assets/bootstrap-alert.js?body=1" for 127.0.0.1 at 2014-04-15 20:09:51 +0100
Served asset /bootstrap-alert.js - 304 Not Modified (0ms)


Started GET "/assets/bootstrap-button.js?body=1" for 127.0.0.1 at 2014-04-15 20:09:51 +0100
Served asset /bootstrap-button.js - 304 Not Modified (0ms)


Started GET "/assets/bootstrap-carousel.js?body=1" for 127.0.0.1 at 2014-04-15 20:09:51 +0100
Served asset /bootstrap-carousel.js - 304 Not Modified (0ms)


Started GET "/assets/bootstrap-dropdown.js?body=1" for 127.0.0.1 at 2014-04-15 20:09:51 +0100
Served asset /bootstrap-dropdown.js - 304 Not Modified (8ms)


Started GET "/assets/bootstrap-collapse.js?body=1" for 127.0.0.1 at 2014-04-15 20:09:51 +0100
Served asset /bootstrap-collapse.js - 304 Not Modified (0ms)


Started GET "/assets/bootstrap-modal.js?body=1" for 127.0.0.1 at 2014-04-15 20:09:51 +0100
Served asset /bootstrap-modal.js - 304 Not Modified (0ms)


Started GET "/assets/bootstrap-scrollspy.js?body=1" for 127.0.0.1 at 2014-04-15 20:09:51 +0100
Served asset /bootstrap-scrollspy.js - 304 Not Modified (0ms)


Started GET "/assets/bootstrap-tab.js?body=1" for 127.0.0.1 at 2014-04-15 20:09:51 +0100
Served asset /bootstrap-tab.js - 304 Not Modified (0ms)


Started GET "/assets/bootstrap-tooltip.js?body=1" for 127.0.0.1 at 2014-04-15 20:09:51 +0100
Served asset /bootstrap-tooltip.js - 304 Not Modified (0ms)


Started GET "/assets/bootstrap-typeahead.js?body=1" for 127.0.0.1 at 2014-04-15 20:09:51 +0100
Served asset /bootstrap-typeahead.js - 304 Not Modified (0ms)


Started GET "/assets/bootstrap-popover.js?body=1" for 127.0.0.1 at 2014-04-15 20:09:51 +0100
Served asset /bootstrap-popover.js - 304 Not Modified (0ms)


Started GET "/assets/bootstrap.js?body=1" for 127.0.0.1 at 2014-04-15 20:09:51 +0100
Served asset /bootstrap.js - 304 Not Modified (60ms)


Started GET "/assets/angular-animate.js?body=1" for 127.0.0.1 at 2014-04-15 20:09:51 +0100
Served asset /angular-animate.js - 304 Not Modified (0ms)


Started GET "/assets/angular.js?body=1" for 127.0.0.1 at 2014-04-15 20:09:51 +0100
Served asset /angular.js - 304 Not Modified (3ms)


Started GET "/assets/angular-resource.js?body=1" for 127.0.0.1 at 2014-04-15 20:09:51 +0100
Served asset /angular-resource.js - 304 Not Modified (0ms)


Started GET "/assets/static_pages.js?body=1" for 127.0.0.1 at 2014-04-15 20:09:51 +0100
Served asset /static_pages.js - 304 Not Modified (0ms)


Started GET "/assets/sessions.js?body=1" for 127.0.0.1 at 2014-04-15 20:09:51 +0100
Served asset /sessions.js - 304 Not Modified (0ms)


Started GET "/assets/users.js?body=1" for 127.0.0.1 at 2014-04-15 20:09:51 +0100
Served asset /users.js - 304 Not Modified (0ms)
