Compiled jquery.js  (2ms)  (pid 8451)
Compiled jquery_ujs.js  (0ms)  (pid 8451)
Compiled bootstrap-transition.js  (0ms)  (pid 8451)
Compiled bootstrap-affix.js  (0ms)  (pid 8451)
Compiled bootstrap-alert.js  (0ms)  (pid 8451)
Compiled bootstrap-button.js  (0ms)  (pid 8451)
Compiled bootstrap-carousel.js  (0ms)  (pid 8451)
Compiled bootstrap-collapse.js  (0ms)  (pid 8451)
Compiled bootstrap-dropdown.js  (0ms)  (pid 8451)
Compiled bootstrap-modal.js  (0ms)  (pid 8451)
Compiled bootstrap-scrollspy.js  (0ms)  (pid 8451)
Compiled bootstrap-tab.js  (0ms)  (pid 8451)
Compiled bootstrap-tooltip.js  (0ms)  (pid 8451)
Compiled bootstrap-popover.js  (0ms)  (pid 8451)
Compiled bootstrap-typeahead.js  (0ms)  (pid 8451)
Compiled bootstrap.js  (125ms)  (pid 8451)
Compiled angular.js  (35ms)  (pid 8451)
Compiled angular-animate.js  (0ms)  (pid 8451)
Compiled angular-resource.js  (0ms)  (pid 8451)
Compiled sessions.js  (492ms)  (pid 8451)
Compiled static_pages.js  (150ms)  (pid 8451)
Compiled users.js  (139ms)  (pid 8451)
Compiled application.js  (1003ms)  (pid 8451)
Compiled custom.css  (2953ms)  (pid 8451)
Compiled sessions.css  (2ms)  (pid 8451)
Compiled static_pages.css  (2ms)  (pid 8451)
Compiled users.css  (2ms)  (pid 8451)
Compiled application.css  (2981ms)  (pid 8451)
Compiled jquery.js  (2ms)  (pid 8451)
Compiled jquery_ujs.js  (0ms)  (pid 8451)
Compiled bootstrap-transition.js  (0ms)  (pid 8451)
Compiled bootstrap-affix.js  (0ms)  (pid 8451)
Compiled bootstrap-alert.js  (0ms)  (pid 8451)
Compiled bootstrap-button.js  (0ms)  (pid 8451)
Compiled bootstrap-carousel.js  (0ms)  (pid 8451)
Compiled bootstrap-collapse.js  (0ms)  (pid 8451)
Compiled bootstrap-dropdown.js  (0ms)  (pid 8451)
Compiled bootstrap-modal.js  (0ms)  (pid 8451)
Compiled bootstrap-scrollspy.js  (0ms)  (pid 8451)
Compiled bootstrap-tab.js  (0ms)  (pid 8451)
Compiled bootstrap-tooltip.js  (0ms)  (pid 8451)
Compiled bootstrap-popover.js  (0ms)  (pid 8451)
Compiled bootstrap-typeahead.js  (1ms)  (pid 8451)
Compiled bootstrap.js  (121ms)  (pid 8451)
Compiled angular.js  (15ms)  (pid 8451)
Compiled angular-animate.js  (0ms)  (pid 8451)
Compiled angular-resource.js  (1ms)  (pid 8451)
Compiled sessions.js  (141ms)  (pid 8451)
Compiled static_pages.js  (140ms)  (pid 8451)
Compiled users.js  (140ms)  (pid 8451)
Compiled application.js  (659ms)  (pid 8451)
Compiled custom.css  (2952ms)  (pid 8451)
Compiled sessions.css  (2ms)  (pid 8451)
Compiled static_pages.css  (23ms)  (pid 8451)
Compiled users.css  (2ms)  (pid 8451)
Compiled application.css  (3009ms)  (pid 8451)
Compiled jquery.js  (2ms)  (pid 5807)
Compiled jquery_ujs.js  (21ms)  (pid 5807)
Compiled angular.js  (16ms)  (pid 5807)
Compiled marketList.js  (0ms)  (pid 5807)
Compiled sessions.js  (873ms)  (pid 5807)
Compiled static_pages.js  (157ms)  (pid 5807)
Compiled users.js  (158ms)  (pid 5807)
Compiled application.js  (1318ms)  (pid 5807)
Compiled custom.css  (4529ms)  (pid 5807)
Compiled font-awesome.css  (361ms)  (pid 5807)
Compiled font-awesome.min.css  (0ms)  (pid 5807)
Compiled main.css  (0ms)  (pid 5807)
Compiled sessions.css  (2ms)  (pid 5807)
Compiled static_pages.css  (2ms)  (pid 5807)
Compiled users.css  (3ms)  (pid 5807)
Compiled application.css  (5044ms)  (pid 5807)
Compiled jquery.js  (2ms)  (pid 5807)
Compiled jquery_ujs.js  (0ms)  (pid 5807)
Compiled angular.js  (39ms)  (pid 5807)
Compiled marketList.js  (0ms)  (pid 5807)
Compiled sessions.js  (191ms)  (pid 5807)
Compiled static_pages.js  (154ms)  (pid 5807)
Compiled users.js  (160ms)  (pid 5807)
Compiled application.js  (616ms)  (pid 5807)
Compiled custom.css  (3269ms)  (pid 5807)
Compiled font-awesome.css  (330ms)  (pid 5807)
Compiled font-awesome.min.css  (0ms)  (pid 5807)
Compiled main.css  (0ms)  (pid 5807)
Compiled sessions.css  (37ms)  (pid 5807)
Compiled static_pages.css  (2ms)  (pid 5807)
Compiled users.css  (1ms)  (pid 5807)
Compiled application.css  (3700ms)  (pid 5807)
